2025-09-07 01:28:55,183 - MainThread - sqlmesh.core.config.connection - INFO - Creating new DuckDB adapter for data files: {'trail_trekker.db'} (connection.py:489)
2025-09-07 01:28:55,452 - MainThread - sqlmesh.core.config.connection - INFO - Creating new DuckDB adapter for in-memory database (connection.py:491)
2025-09-07 01:28:55,474 - MainThread - sqlmesh.core.config.connection - INFO - Using existing DuckDB adapter due to overlapping data file: trail_trekker.db (connection.py:479)
2025-09-07 01:29:00,477 - MainThread - sqlmesh.core.plan.evaluator - INFO - Evaluating plan stage CreateSnapshotRecordsStage (evaluator.py:125)
2025-09-07 01:29:00,486 - MainThread - sqlmesh.core.plan.evaluator - INFO - Evaluating plan stage PhysicalLayerSchemaCreationStage (evaluator.py:125)
2025-09-07 01:29:00,487 - MainThread - sqlmesh.core.snapshot.evaluator - INFO - Creating schema 'trail_trekker.sqlmesh__raw' (evaluator.py:1355)
2025-09-07 01:29:00,488 - MainThread - sqlmesh.core.engine_adapter.base - INFO - Executing SQL: /* SQLMESH_PLAN: 744ea601c98f4ffabee88c7662868e2f */ CREATE SCHEMA IF NOT EXISTS "trail_trekker"."sqlmesh__raw" (base.py:2466)
2025-09-07 01:29:00,488 - MainThread - sqlmesh.core.snapshot.evaluator - INFO - Creating schema 'trail_trekker.sqlmesh__staging' (evaluator.py:1355)
2025-09-07 01:29:00,488 - MainThread - sqlmesh.core.engine_adapter.base - INFO - Executing SQL: /* SQLMESH_PLAN: 744ea601c98f4ffabee88c7662868e2f */ CREATE SCHEMA IF NOT EXISTS "trail_trekker"."sqlmesh__staging" (base.py:2466)
2025-09-07 01:29:00,488 - MainThread - sqlmesh.core.snapshot.evaluator - INFO - Creating schema 'trail_trekker.sqlmesh__sqlmesh_example' (evaluator.py:1355)
2025-09-07 01:29:00,488 - MainThread - sqlmesh.core.engine_adapter.base - INFO - Executing SQL: /* SQLMESH_PLAN: 744ea601c98f4ffabee88c7662868e2f */ CREATE SCHEMA IF NOT EXISTS "trail_trekker"."sqlmesh__sqlmesh_example" (base.py:2466)
2025-09-07 01:29:00,488 - MainThread - sqlmesh.core.plan.evaluator - INFO - Evaluating plan stage BackfillStage (evaluator.py:125)
2025-09-07 01:29:00,489 - MainThread - sqlmesh.core.snapshot.evaluator - INFO - Listing data objects in schema trail_trekker.sqlmesh__staging (evaluator.py:1458)
2025-09-07 01:29:00,490 - MainThread - sqlmesh.core.engine_adapter.base - INFO - Executing SQL: /* SQLMESH_PLAN: 744ea601c98f4ffabee88c7662868e2f */ SELECT CURRENT_CATALOG() (base.py:2466)
2025-09-07 01:29:00,490 - MainThread - sqlmesh.core.engine_adapter.base - INFO - Executing SQL: /* SQLMESH_PLAN: 744ea601c98f4ffabee88c7662868e2f */ SELECT CURRENT_CATALOG() (base.py:2466)
2025-09-07 01:29:00,490 - MainThread - sqlmesh.core.engine_adapter.base - INFO - Executing SQL: /* SQLMESH_PLAN: 744ea601c98f4ffabee88c7662868e2f */ SELECT table_name AS name, table_schema AS schema, CASE table_type WHEN 'BASE TABLE' THEN 'table' WHEN 'VIEW' THEN 'view' WHEN 'LOCAL TEMPORARY' THEN 'table' END AS type FROM system.information_schema.tables WHERE (table_catalog = 'trail_trekker' AND table_schema = 'sqlmesh__staging') AND table_name IN ('staging__plans__3559592048') (base.py:2466)
2025-09-07 01:29:00,499 - MainThread - sqlmesh.core.snapshot.evaluator - INFO - Evaluating snapshot SnapshotId<"trail_trekker"."staging"."plans": 2891134957> (evaluator.py:701)
2025-09-07 01:29:00,499 - MainThread - sqlmesh.core.snapshot.evaluator - INFO - Inserting data for snapshot SnapshotId<"trail_trekker"."staging"."plans": 2891134957> (evaluator.py:905)
2025-09-07 01:29:00,502 - MainThread - sqlmesh.core.snapshot.evaluator - INFO - Inserting batch (2025-09-06 00:00:00, 2025-09-07 00:00:00) into trail_trekker.sqlmesh__staging.staging__plans__3559592048' (evaluator.py:935)
2025-09-07 01:29:00,503 - MainThread - sqlmesh.core.engine_adapter.base - INFO - Executing SQL: /* SQLMESH_PLAN: 744ea601c98f4ffabee88c7662868e2f */ DESCRIBE "trail_trekker"."sqlmesh__staging"."staging__plans__3559592048" (base.py:2466)
2025-09-07 01:29:00,503 - MainThread - sqlmesh.core.snapshot.evaluator - INFO - Replacing view 'trail_trekker.sqlmesh__staging.staging__plans__3559592048' (evaluator.py:2349)
2025-09-07 01:29:00,503 - MainThread - sqlmesh.core.engine_adapter.base - INFO - Executing SQL: /* SQLMESH_PLAN: 744ea601c98f4ffabee88c7662868e2f */ SELECT CURRENT_CATALOG() (base.py:2466)
2025-09-07 01:29:00,503 - MainThread - sqlmesh.core.engine_adapter.base - INFO - Executing SQL: /* SQLMESH_PLAN: 744ea601c98f4ffabee88c7662868e2f */ SELECT CURRENT_CATALOG() (base.py:2466)
2025-09-07 01:29:00,504 - MainThread - sqlmesh.core.engine_adapter.base - INFO - Executing SQL: /* SQLMESH_PLAN: 744ea601c98f4ffabee88c7662868e2f */ SELECT table_name AS name, table_schema AS schema, CASE table_type WHEN 'BASE TABLE' THEN 'table' WHEN 'VIEW' THEN 'view' WHEN 'LOCAL TEMPORARY' THEN 'table' END AS type FROM system.information_schema.tables WHERE (table_catalog = 'trail_trekker' AND table_schema = 'sqlmesh__staging') AND table_name IN ('staging__plans__3559592048') (base.py:2466)
2025-09-07 01:29:00,506 - MainThread - sqlmesh.core.engine_adapter.base - INFO - Executing SQL: /* SQLMESH_PLAN: 744ea601c98f4ffabee88c7662868e2f */ CREATE OR REPLACE VIEW "trail_trekker"."sqlmesh__staging"."staging__plans__3559592048" ("plan_id", "plan_name", "plan_level", "monthly_price_usd", "max_hikes_per_month", "photo_storage_gb", "plan_description", "plan_created_at") AS SELECT "plans"."plan_id" AS "plan_id", "plans"."plan_name" AS "plan_name", "plans"."plan_level" AS "plan_level", "plans"."price" AS "monthly_price_usd", "plans"."max_hikes_per_month" AS "max_hikes_per_month", "plans"."photo_storage_gb" AS "photo_storage_gb", "plans"."description" AS "plan_description", CAST("plans"."created_at" AS TIMESTAMP) AS "plan_created_at" FROM "trail_trekker"."sqlmesh__raw"."raw__plans__3729495492" AS "plans" (base.py:2466)
2025-09-07 01:29:00,508 - MainThread - sqlmesh.core.state_sync.db.facade - INFO - Adding interval (2025-09-06 00:00:00, 2025-09-07 00:00:00) for snapshot SnapshotId<"trail_trekker"."staging"."plans": 2891134957> (facade.py:617)
2025-09-07 01:29:00,508 - MainThread - sqlmesh.core.state_sync.db.interval - INFO - Pushing intervals for snapshot SnapshotId<"trail_trekker"."staging"."plans": 2891134957> (interval.py:214)
2025-09-07 01:29:00,513 - MainThread - sqlmesh.core.plan.evaluator - INFO - Evaluating plan stage EnvironmentRecordUpdateStage (evaluator.py:125)
2025-09-07 01:29:00,513 - MainThread - sqlmesh.core.state_sync.db.facade - INFO - Promoting environment 'dev' (facade.py:167)
2025-09-07 01:29:00,519 - MainThread - sqlmesh.core.plan.evaluator - INFO - Evaluating plan stage VirtualLayerUpdateStage (evaluator.py:125)
2025-09-07 01:29:00,520 - MainThread - sqlmesh.core.snapshot.evaluator - INFO - Creating schema 'trail_trekker.raw__dev' (evaluator.py:1355)
2025-09-07 01:29:00,521 - MainThread - sqlmesh.core.engine_adapter.base - INFO - Executing SQL: /* SQLMESH_PLAN: 744ea601c98f4ffabee88c7662868e2f */ CREATE SCHEMA IF NOT EXISTS "trail_trekker"."raw__dev" (base.py:2466)
2025-09-07 01:29:00,521 - MainThread - sqlmesh.core.snapshot.evaluator - INFO - Creating schema 'trail_trekker.sqlmesh_example__dev' (evaluator.py:1355)
2025-09-07 01:29:00,521 - MainThread - sqlmesh.core.engine_adapter.base - INFO - Executing SQL: /* SQLMESH_PLAN: 744ea601c98f4ffabee88c7662868e2f */ CREATE SCHEMA IF NOT EXISTS "trail_trekker"."sqlmesh_example__dev" (base.py:2466)
2025-09-07 01:29:00,521 - MainThread - sqlmesh.core.snapshot.evaluator - INFO - Creating schema 'trail_trekker.staging__dev' (evaluator.py:1355)
2025-09-07 01:29:00,521 - MainThread - sqlmesh.core.engine_adapter.base - INFO - Executing SQL: /* SQLMESH_PLAN: 744ea601c98f4ffabee88c7662868e2f */ CREATE SCHEMA IF NOT EXISTS "trail_trekker"."staging__dev" (base.py:2466)
2025-09-07 01:29:00,521 - MainThread - sqlmesh.core.snapshot.evaluator - INFO - Updating view 'trail_trekker.raw__dev.customers' to point at table 'trail_trekker.sqlmesh__raw.raw__customers__3881866267' (evaluator.py:1727)
2025-09-07 01:29:00,522 - MainThread - sqlmesh.core.engine_adapter.base - INFO - Executing SQL: /* SQLMESH_PLAN: 744ea601c98f4ffabee88c7662868e2f */ SELECT CURRENT_CATALOG() (base.py:2466)
2025-09-07 01:29:00,522 - MainThread - sqlmesh.core.engine_adapter.base - INFO - Executing SQL: /* SQLMESH_PLAN: 744ea601c98f4ffabee88c7662868e2f */ SELECT CURRENT_CATALOG() (base.py:2466)
2025-09-07 01:29:00,522 - MainThread - sqlmesh.core.engine_adapter.base - INFO - Executing SQL: /* SQLMESH_PLAN: 744ea601c98f4ffabee88c7662868e2f */ SELECT table_name AS name, table_schema AS schema, CASE table_type WHEN 'BASE TABLE' THEN 'table' WHEN 'VIEW' THEN 'view' WHEN 'LOCAL TEMPORARY' THEN 'table' END AS type FROM system.information_schema.tables WHERE (table_catalog = 'trail_trekker' AND table_schema = 'raw__dev') AND table_name IN ('customers') (base.py:2466)
2025-09-07 01:29:00,524 - MainThread - sqlmesh.core.engine_adapter.base - INFO - Executing SQL: /* SQLMESH_PLAN: 744ea601c98f4ffabee88c7662868e2f */ CREATE OR REPLACE VIEW "trail_trekker"."raw__dev"."customers" AS SELECT * FROM "trail_trekker"."sqlmesh__raw"."raw__customers__3881866267" (base.py:2466)
2025-09-07 01:29:00,525 - MainThread - sqlmesh.core.snapshot.evaluator - INFO - Updating view 'trail_trekker.raw__dev.features' to point at table 'trail_trekker.sqlmesh__raw.raw__features__2713381237' (evaluator.py:1727)
2025-09-07 01:29:00,525 - MainThread - sqlmesh.core.engine_adapter.base - INFO - Executing SQL: /* SQLMESH_PLAN: 744ea601c98f4ffabee88c7662868e2f */ SELECT CURRENT_CATALOG() (base.py:2466)
2025-09-07 01:29:00,526 - MainThread - sqlmesh.core.engine_adapter.base - INFO - Executing SQL: /* SQLMESH_PLAN: 744ea601c98f4ffabee88c7662868e2f */ SELECT CURRENT_CATALOG() (base.py:2466)
2025-09-07 01:29:00,526 - MainThread - sqlmesh.core.engine_adapter.base - INFO - Executing SQL: /* SQLMESH_PLAN: 744ea601c98f4ffabee88c7662868e2f */ SELECT table_name AS name, table_schema AS schema, CASE table_type WHEN 'BASE TABLE' THEN 'table' WHEN 'VIEW' THEN 'view' WHEN 'LOCAL TEMPORARY' THEN 'table' END AS type FROM system.information_schema.tables WHERE (table_catalog = 'trail_trekker' AND table_schema = 'raw__dev') AND table_name IN ('features') (base.py:2466)
2025-09-07 01:29:00,528 - MainThread - sqlmesh.core.engine_adapter.base - INFO - Executing SQL: /* SQLMESH_PLAN: 744ea601c98f4ffabee88c7662868e2f */ CREATE OR REPLACE VIEW "trail_trekker"."raw__dev"."features" AS SELECT * FROM "trail_trekker"."sqlmesh__raw"."raw__features__2713381237" (base.py:2466)
2025-09-07 01:29:00,528 - MainThread - sqlmesh.core.snapshot.evaluator - INFO - Updating view 'trail_trekker.raw__dev.plan_features' to point at table 'trail_trekker.sqlmesh__raw.raw__plan_features__1753253188' (evaluator.py:1727)
2025-09-07 01:29:00,529 - MainThread - sqlmesh.core.engine_adapter.base - INFO - Executing SQL: /* SQLMESH_PLAN: 744ea601c98f4ffabee88c7662868e2f */ SELECT CURRENT_CATALOG() (base.py:2466)
2025-09-07 01:29:00,529 - MainThread - sqlmesh.core.engine_adapter.base - INFO - Executing SQL: /* SQLMESH_PLAN: 744ea601c98f4ffabee88c7662868e2f */ SELECT CURRENT_CATALOG() (base.py:2466)
2025-09-07 01:29:00,529 - MainThread - sqlmesh.core.engine_adapter.base - INFO - Executing SQL: /* SQLMESH_PLAN: 744ea601c98f4ffabee88c7662868e2f */ SELECT table_name AS name, table_schema AS schema, CASE table_type WHEN 'BASE TABLE' THEN 'table' WHEN 'VIEW' THEN 'view' WHEN 'LOCAL TEMPORARY' THEN 'table' END AS type FROM system.information_schema.tables WHERE (table_catalog = 'trail_trekker' AND table_schema = 'raw__dev') AND table_name IN ('plan_features') (base.py:2466)
2025-09-07 01:29:00,531 - MainThread - sqlmesh.core.engine_adapter.base - INFO - Executing SQL: /* SQLMESH_PLAN: 744ea601c98f4ffabee88c7662868e2f */ CREATE OR REPLACE VIEW "trail_trekker"."raw__dev"."plan_features" AS SELECT * FROM "trail_trekker"."sqlmesh__raw"."raw__plan_features__1753253188" (base.py:2466)
2025-09-07 01:29:00,532 - MainThread - sqlmesh.core.snapshot.evaluator - INFO - Updating view 'trail_trekker.raw__dev.plans' to point at table 'trail_trekker.sqlmesh__raw.raw__plans__3729495492' (evaluator.py:1727)
2025-09-07 01:29:00,532 - MainThread - sqlmesh.core.engine_adapter.base - INFO - Executing SQL: /* SQLMESH_PLAN: 744ea601c98f4ffabee88c7662868e2f */ SELECT CURRENT_CATALOG() (base.py:2466)
2025-09-07 01:29:00,532 - MainThread - sqlmesh.core.engine_adapter.base - INFO - Executing SQL: /* SQLMESH_PLAN: 744ea601c98f4ffabee88c7662868e2f */ SELECT CURRENT_CATALOG() (base.py:2466)
2025-09-07 01:29:00,533 - MainThread - sqlmesh.core.engine_adapter.base - INFO - Executing SQL: /* SQLMESH_PLAN: 744ea601c98f4ffabee88c7662868e2f */ SELECT table_name AS name, table_schema AS schema, CASE table_type WHEN 'BASE TABLE' THEN 'table' WHEN 'VIEW' THEN 'view' WHEN 'LOCAL TEMPORARY' THEN 'table' END AS type FROM system.information_schema.tables WHERE (table_catalog = 'trail_trekker' AND table_schema = 'raw__dev') AND table_name IN ('plans') (base.py:2466)
2025-09-07 01:29:00,535 - MainThread - sqlmesh.core.engine_adapter.base - INFO - Executing SQL: /* SQLMESH_PLAN: 744ea601c98f4ffabee88c7662868e2f */ CREATE OR REPLACE VIEW "trail_trekker"."raw__dev"."plans" AS SELECT * FROM "trail_trekker"."sqlmesh__raw"."raw__plans__3729495492" (base.py:2466)
2025-09-07 01:29:00,536 - MainThread - sqlmesh.core.snapshot.evaluator - INFO - Updating view 'trail_trekker.raw__dev.subscriptions' to point at table 'trail_trekker.sqlmesh__raw.raw__subscriptions__1429161402' (evaluator.py:1727)
2025-09-07 01:29:00,536 - MainThread - sqlmesh.core.engine_adapter.base - INFO - Executing SQL: /* SQLMESH_PLAN: 744ea601c98f4ffabee88c7662868e2f */ SELECT CURRENT_CATALOG() (base.py:2466)
2025-09-07 01:29:00,536 - MainThread - sqlmesh.core.engine_adapter.base - INFO - Executing SQL: /* SQLMESH_PLAN: 744ea601c98f4ffabee88c7662868e2f */ SELECT CURRENT_CATALOG() (base.py:2466)
2025-09-07 01:29:00,537 - MainThread - sqlmesh.core.engine_adapter.base - INFO - Executing SQL: /* SQLMESH_PLAN: 744ea601c98f4ffabee88c7662868e2f */ SELECT table_name AS name, table_schema AS schema, CASE table_type WHEN 'BASE TABLE' THEN 'table' WHEN 'VIEW' THEN 'view' WHEN 'LOCAL TEMPORARY' THEN 'table' END AS type FROM system.information_schema.tables WHERE (table_catalog = 'trail_trekker' AND table_schema = 'raw__dev') AND table_name IN ('subscriptions') (base.py:2466)
2025-09-07 01:29:00,538 - MainThread - sqlmesh.core.engine_adapter.base - INFO - Executing SQL: /* SQLMESH_PLAN: 744ea601c98f4ffabee88c7662868e2f */ CREATE OR REPLACE VIEW "trail_trekker"."raw__dev"."subscriptions" AS SELECT * FROM "trail_trekker"."sqlmesh__raw"."raw__subscriptions__1429161402" (base.py:2466)
2025-09-07 01:29:00,539 - MainThread - sqlmesh.core.snapshot.evaluator - INFO - Updating view 'trail_trekker.sqlmesh_example__dev.seed_model' to point at table 'trail_trekker.sqlmesh__sqlmesh_example.sqlmesh_example__seed_model__3896887493' (evaluator.py:1727)
2025-09-07 01:29:00,540 - MainThread - sqlmesh.core.engine_adapter.base - INFO - Executing SQL: /* SQLMESH_PLAN: 744ea601c98f4ffabee88c7662868e2f */ SELECT CURRENT_CATALOG() (base.py:2466)
2025-09-07 01:29:00,540 - MainThread - sqlmesh.core.engine_adapter.base - INFO - Executing SQL: /* SQLMESH_PLAN: 744ea601c98f4ffabee88c7662868e2f */ SELECT CURRENT_CATALOG() (base.py:2466)
2025-09-07 01:29:00,540 - MainThread - sqlmesh.core.engine_adapter.base - INFO - Executing SQL: /* SQLMESH_PLAN: 744ea601c98f4ffabee88c7662868e2f */ SELECT table_name AS name, table_schema AS schema, CASE table_type WHEN 'BASE TABLE' THEN 'table' WHEN 'VIEW' THEN 'view' WHEN 'LOCAL TEMPORARY' THEN 'table' END AS type FROM system.information_schema.tables WHERE (table_catalog = 'trail_trekker' AND table_schema = 'sqlmesh_example__dev') AND table_name IN ('seed_model') (base.py:2466)
2025-09-07 01:29:00,542 - MainThread - sqlmesh.core.engine_adapter.base - INFO - Executing SQL: /* SQLMESH_PLAN: 744ea601c98f4ffabee88c7662868e2f */ CREATE OR REPLACE VIEW "trail_trekker"."sqlmesh_example__dev"."seed_model" AS SELECT * FROM "trail_trekker"."sqlmesh__sqlmesh_example"."sqlmesh_example__seed_model__3896887493" (base.py:2466)
2025-09-07 01:29:00,543 - MainThread - sqlmesh.core.snapshot.evaluator - INFO - Updating view 'trail_trekker.sqlmesh_example__dev.incremental_model' to point at table 'trail_trekker.sqlmesh__sqlmesh_example.sqlmesh_example__incremental_model__2019538' (evaluator.py:1727)
2025-09-07 01:29:00,543 - MainThread - sqlmesh.core.engine_adapter.base - INFO - Executing SQL: /* SQLMESH_PLAN: 744ea601c98f4ffabee88c7662868e2f */ SELECT CURRENT_CATALOG() (base.py:2466)
2025-09-07 01:29:00,543 - MainThread - sqlmesh.core.engine_adapter.base - INFO - Executing SQL: /* SQLMESH_PLAN: 744ea601c98f4ffabee88c7662868e2f */ SELECT CURRENT_CATALOG() (base.py:2466)
2025-09-07 01:29:00,544 - MainThread - sqlmesh.core.engine_adapter.base - INFO - Executing SQL: /* SQLMESH_PLAN: 744ea601c98f4ffabee88c7662868e2f */ SELECT table_name AS name, table_schema AS schema, CASE table_type WHEN 'BASE TABLE' THEN 'table' WHEN 'VIEW' THEN 'view' WHEN 'LOCAL TEMPORARY' THEN 'table' END AS type FROM system.information_schema.tables WHERE (table_catalog = 'trail_trekker' AND table_schema = 'sqlmesh_example__dev') AND table_name IN ('incremental_model') (base.py:2466)
2025-09-07 01:29:00,545 - MainThread - sqlmesh.core.engine_adapter.base - INFO - Executing SQL: /* SQLMESH_PLAN: 744ea601c98f4ffabee88c7662868e2f */ CREATE OR REPLACE VIEW "trail_trekker"."sqlmesh_example__dev"."incremental_model" AS SELECT * FROM "trail_trekker"."sqlmesh__sqlmesh_example"."sqlmesh_example__incremental_model__2019538" (base.py:2466)
2025-09-07 01:29:00,546 - MainThread - sqlmesh.core.snapshot.evaluator - INFO - Updating view 'trail_trekker.staging__dev.customers' to point at table 'trail_trekker.sqlmesh__staging.staging__customers__3616143390' (evaluator.py:1727)
2025-09-07 01:29:00,547 - MainThread - sqlmesh.core.engine_adapter.base - INFO - Executing SQL: /* SQLMESH_PLAN: 744ea601c98f4ffabee88c7662868e2f */ SELECT CURRENT_CATALOG() (base.py:2466)
2025-09-07 01:29:00,547 - MainThread - sqlmesh.core.engine_adapter.base - INFO - Executing SQL: /* SQLMESH_PLAN: 744ea601c98f4ffabee88c7662868e2f */ SELECT CURRENT_CATALOG() (base.py:2466)
2025-09-07 01:29:00,547 - MainThread - sqlmesh.core.engine_adapter.base - INFO - Executing SQL: /* SQLMESH_PLAN: 744ea601c98f4ffabee88c7662868e2f */ SELECT table_name AS name, table_schema AS schema, CASE table_type WHEN 'BASE TABLE' THEN 'table' WHEN 'VIEW' THEN 'view' WHEN 'LOCAL TEMPORARY' THEN 'table' END AS type FROM system.information_schema.tables WHERE (table_catalog = 'trail_trekker' AND table_schema = 'staging__dev') AND table_name IN ('customers') (base.py:2466)
2025-09-07 01:29:00,549 - MainThread - sqlmesh.core.engine_adapter.base - INFO - Executing SQL: /* SQLMESH_PLAN: 744ea601c98f4ffabee88c7662868e2f */ CREATE OR REPLACE VIEW "trail_trekker"."staging__dev"."customers" AS SELECT * FROM "trail_trekker"."sqlmesh__staging"."staging__customers__3616143390" (base.py:2466)
2025-09-07 01:29:00,550 - MainThread - sqlmesh.core.snapshot.evaluator - INFO - Updating view 'trail_trekker.staging__dev.features' to point at table 'trail_trekker.sqlmesh__staging.staging__features__2202684849' (evaluator.py:1727)
2025-09-07 01:29:00,550 - MainThread - sqlmesh.core.engine_adapter.base - INFO - Executing SQL: /* SQLMESH_PLAN: 744ea601c98f4ffabee88c7662868e2f */ SELECT CURRENT_CATALOG() (base.py:2466)
2025-09-07 01:29:00,550 - MainThread - sqlmesh.core.engine_adapter.base - INFO - Executing SQL: /* SQLMESH_PLAN: 744ea601c98f4ffabee88c7662868e2f */ SELECT CURRENT_CATALOG() (base.py:2466)
2025-09-07 01:29:00,551 - MainThread - sqlmesh.core.engine_adapter.base - INFO - Executing SQL: /* SQLMESH_PLAN: 744ea601c98f4ffabee88c7662868e2f */ SELECT table_name AS name, table_schema AS schema, CASE table_type WHEN 'BASE TABLE' THEN 'table' WHEN 'VIEW' THEN 'view' WHEN 'LOCAL TEMPORARY' THEN 'table' END AS type FROM system.information_schema.tables WHERE (table_catalog = 'trail_trekker' AND table_schema = 'staging__dev') AND table_name IN ('features') (base.py:2466)
2025-09-07 01:29:00,552 - MainThread - sqlmesh.core.engine_adapter.base - INFO - Executing SQL: /* SQLMESH_PLAN: 744ea601c98f4ffabee88c7662868e2f */ CREATE OR REPLACE VIEW "trail_trekker"."staging__dev"."features" AS SELECT * FROM "trail_trekker"."sqlmesh__staging"."staging__features__2202684849" (base.py:2466)
2025-09-07 01:29:00,553 - MainThread - sqlmesh.core.snapshot.evaluator - INFO - Updating view 'trail_trekker.staging__dev.plans' to point at table 'trail_trekker.sqlmesh__staging.staging__plans__3559592048' (evaluator.py:1727)
2025-09-07 01:29:00,553 - MainThread - sqlmesh.core.engine_adapter.base - INFO - Executing SQL: /* SQLMESH_PLAN: 744ea601c98f4ffabee88c7662868e2f */ SELECT CURRENT_CATALOG() (base.py:2466)
2025-09-07 01:29:00,553 - MainThread - sqlmesh.core.engine_adapter.base - INFO - Executing SQL: /* SQLMESH_PLAN: 744ea601c98f4ffabee88c7662868e2f */ SELECT CURRENT_CATALOG() (base.py:2466)
2025-09-07 01:29:00,554 - MainThread - sqlmesh.core.engine_adapter.base - INFO - Executing SQL: /* SQLMESH_PLAN: 744ea601c98f4ffabee88c7662868e2f */ SELECT table_name AS name, table_schema AS schema, CASE table_type WHEN 'BASE TABLE' THEN 'table' WHEN 'VIEW' THEN 'view' WHEN 'LOCAL TEMPORARY' THEN 'table' END AS type FROM system.information_schema.tables WHERE (table_catalog = 'trail_trekker' AND table_schema = 'staging__dev') AND table_name IN ('plans') (base.py:2466)
2025-09-07 01:29:00,555 - MainThread - sqlmesh.core.engine_adapter.base - INFO - Executing SQL: /* SQLMESH_PLAN: 744ea601c98f4ffabee88c7662868e2f */ CREATE OR REPLACE VIEW "trail_trekker"."staging__dev"."plans" AS SELECT * FROM "trail_trekker"."sqlmesh__staging"."staging__plans__3559592048" (base.py:2466)
2025-09-07 01:29:00,556 - MainThread - sqlmesh.core.snapshot.evaluator - INFO - Updating view 'trail_trekker.staging__dev.subscriptions' to point at table 'trail_trekker.sqlmesh__staging.staging__subscriptions__2302840668' (evaluator.py:1727)
2025-09-07 01:29:00,557 - MainThread - sqlmesh.core.engine_adapter.base - INFO - Executing SQL: /* SQLMESH_PLAN: 744ea601c98f4ffabee88c7662868e2f */ SELECT CURRENT_CATALOG() (base.py:2466)
2025-09-07 01:29:00,557 - MainThread - sqlmesh.core.engine_adapter.base - INFO - Executing SQL: /* SQLMESH_PLAN: 744ea601c98f4ffabee88c7662868e2f */ SELECT CURRENT_CATALOG() (base.py:2466)
2025-09-07 01:29:00,557 - MainThread - sqlmesh.core.engine_adapter.base - INFO - Executing SQL: /* SQLMESH_PLAN: 744ea601c98f4ffabee88c7662868e2f */ SELECT table_name AS name, table_schema AS schema, CASE table_type WHEN 'BASE TABLE' THEN 'table' WHEN 'VIEW' THEN 'view' WHEN 'LOCAL TEMPORARY' THEN 'table' END AS type FROM system.information_schema.tables WHERE (table_catalog = 'trail_trekker' AND table_schema = 'staging__dev') AND table_name IN ('subscriptions') (base.py:2466)
2025-09-07 01:29:00,558 - MainThread - sqlmesh.core.engine_adapter.base - INFO - Executing SQL: /* SQLMESH_PLAN: 744ea601c98f4ffabee88c7662868e2f */ CREATE OR REPLACE VIEW "trail_trekker"."staging__dev"."subscriptions" AS SELECT * FROM "trail_trekker"."sqlmesh__staging"."staging__subscriptions__2302840668" (base.py:2466)
2025-09-07 01:29:00,559 - MainThread - sqlmesh.core.snapshot.evaluator - INFO - Updating view 'trail_trekker.sqlmesh_example__dev.full_model' to point at table 'trail_trekker.sqlmesh__sqlmesh_example.sqlmesh_example__full_model__3532441660' (evaluator.py:1727)
2025-09-07 01:29:00,560 - MainThread - sqlmesh.core.engine_adapter.base - INFO - Executing SQL: /* SQLMESH_PLAN: 744ea601c98f4ffabee88c7662868e2f */ SELECT CURRENT_CATALOG() (base.py:2466)
2025-09-07 01:29:00,560 - MainThread - sqlmesh.core.engine_adapter.base - INFO - Executing SQL: /* SQLMESH_PLAN: 744ea601c98f4ffabee88c7662868e2f */ SELECT CURRENT_CATALOG() (base.py:2466)
2025-09-07 01:29:00,560 - MainThread - sqlmesh.core.engine_adapter.base - INFO - Executing SQL: /* SQLMESH_PLAN: 744ea601c98f4ffabee88c7662868e2f */ SELECT table_name AS name, table_schema AS schema, CASE table_type WHEN 'BASE TABLE' THEN 'table' WHEN 'VIEW' THEN 'view' WHEN 'LOCAL TEMPORARY' THEN 'table' END AS type FROM system.information_schema.tables WHERE (table_catalog = 'trail_trekker' AND table_schema = 'sqlmesh_example__dev') AND table_name IN ('full_model') (base.py:2466)
2025-09-07 01:29:00,561 - MainThread - sqlmesh.core.engine_adapter.base - INFO - Executing SQL: /* SQLMESH_PLAN: 744ea601c98f4ffabee88c7662868e2f */ CREATE OR REPLACE VIEW "trail_trekker"."sqlmesh_example__dev"."full_model" AS SELECT * FROM "trail_trekker"."sqlmesh__sqlmesh_example"."sqlmesh_example__full_model__3532441660" (base.py:2466)
2025-09-07 01:29:00,563 - MainThread - sqlmesh.core.plan.evaluator - INFO - Evaluating plan stage FinalizeEnvironmentStage (evaluator.py:125)
2025-09-07 01:29:00,563 - MainThread - sqlmesh.core.state_sync.db.environment - INFO - Finalizing environment 'dev' (environment.py:141)
2025-09-07 01:29:00,574 - MainThread - root - INFO - Shutting down the event dispatcher (dispatcher.py:159)
